#-----------------------------------------------------------
# Vivado v2020.2 (64-bit)
# SW Build 3064766 on Wed Nov 18 09:12:45 MST 2020
# IP Build 3064653 on Wed Nov 18 14:17:31 MST 2020
# Start of session at: Mon May 17 23:36:22 2021
# Process ID: 16268
# Current directory: C:/Users/stef_/OneDrive/Desktop/PROIECT/Proiect_Vivado
# Command line: vivado.exe -gui_launcher_event rodinguilauncherevent5560 C:\Users\stef_\OneDrive\Desktop\PROIECT\Proiect_Vivado\Proiect_Vivado.xpr
# Log file: C:/Users/stef_/OneDrive/Desktop/PROIECT/Proiect_Vivado/vivado.log
# Journal file: C:/Users/stef_/OneDrive/Desktop/PROIECT/Proiect_Vivado\vivado.jou
#-----------------------------------------------------------
start_gui
open_project C:/Users/stef_/OneDrive/Desktop/PROIECT/Proiect_Vivado/Proiect_Vivado.xpr
WARNING: [filemgmt 56-3] Default IP Output Path : Could not find the directory 'C:/Users/stef_/OneDrive/Desktop/PROIECT/Proiect_Vivado/Proiect_Vivado.gen/sources_1'.
Scanning sources...
Finished scanning sources
INFO: [IP_Flow 19-234] Refreshing IP repositories
INFO: [IP_Flow 19-1704] No user IP repositories specified
INFO: [IP_Flow 19-2313] Loaded Vivado IP repository 'D:/XILINX/Vivado/2020.2/data/ip'.
open_project: Time (s): cpu = 00:00:21 ; elapsed = 00:00:07 . Memory (MB): peak = 1018.082 ; gain = 0.000
update_compile_order -fileset sources_1
exit
INFO: [Common 17-206] Exiting Vivado at Mon May 17 23:37:04 2021...
